<?xml version="1.0" encoding="UTF-8"?>
<testng-results skipped="0" failed="0" ignored="0" total="1" passed="1">
  <reporter-output>
  </reporter-output>
  <suite name="Regrression Suite" duration-ms="35138" started-at="2021-05-25T17:53:23Z" finished-at="2021-05-25T17:53:59Z">
    <groups>
    </groups>
    <test name="login test" duration-ms="35138" started-at="2021-05-25T17:53:23Z" finished-at="2021-05-25T17:53:59Z">
      <class name="TestNG.LoginTest">
        <test-method status="PASS" signature="setup()[pri:0, instance:TestNG.LoginTest@1890516e]" name="setup" is-config="true" duration-ms="11415" started-at="2021-05-25T17:53:23Z" finished-at="2021-05-25T17:53:35Z">
          <reporter-output>
          </reporter-output>
        </test-method> <!-- setup -->
        <test-method status="PASS" signature="login(java.lang.String, java.lang.String)[pri:0, instance:TestNG.LoginTest@1890516e]" name="login" duration-ms="22914" started-at="2021-05-25T17:53:35Z" finished-at="2021-05-25T17:53:58Z">
          <params>
            <param index="0">
              <value>
                <![CDATA[anam@Gmail.com]]>
              </value>
            </param>
            <param index="1">
              <value>
                <![CDATA[pass]]>
              </value>
            </param>
          </params>
          <reporter-output>
          </reporter-output>
        </test-method> <!-- login -->
        <test-method status="PASS" signature="teardown()[pri:0, instance:TestNG.LoginTest@1890516e]" name="teardown" is-config="true" duration-ms="765" started-at="2021-05-25T17:53:58Z" finished-at="2021-05-25T17:53:59Z">
          <reporter-output>
          </reporter-output>
        </test-method> <!-- teardown -->
      </class> <!-- TestNG.LoginTest -->
    </test> <!-- login test -->
  </suite> <!-- Regrression Suite -->
</testng-results>
